<?xml version="1.0" encoding="UTF-8"?>
<!-- Generated by org.testng.reporters.JUnitXMLReporter -->
<testsuite ignored="0" hostname="BOL-LT-220131E" failures="0" tests="5" name="Default test" time="11.934" errors="0" timestamp="2022-03-11T11:03:34 BOT">
  <testcase classname="AutoTest" name="validateIfIphone13LabelAreDisplayed" time="3.075"/>
  <testcase classname="AutoTest" name="validateIfWeAreInIphone13Page" time="1.105"/>
  <testcase classname="AutoTest" name="validateInnovationTextInMacTab" time="0.701"/>
  <testcase classname="AutoTest" name="validateIphone13MenuOptions" time="3.104"/>
  <testcase classname="AutoTest" name="validatePowerTextInMacTab" time="0.686"/>
</testsuite> <!-- Default test -->
